<?xml version="1.0" encoding="UTF-8"?>
<testsuite xmlns:xsi="http://www.w3.org/2001/XMLSchema-instance" xsi:noNamespaceSchemaLocation="https://maven.apache.org/surefire/maven-surefire-plugin/xsd/surefire-test-report.xsd" version="3.0.2" name="com.mktgus.autoatendimento.AutoatendimentoApplicationTests" time="7.735" tests="1" errors="0" skipped="0" failures="0">
  <properties>
[...]
</properties>
  <testcase name="contextLoads" classname="com.mktgus.autoatendimento.AutoatendimentoApplicationTests" time="0.785">
    <system-out><![CDATA[17:05:47.704 [main] INFO org.springframework.test.context.support.AnnotationConfigContextLoaderUtils -- Could not detect default configuration classes for test class [com.mktgus.autoatendimento.AutoatendimentoApplicationTests]: AutoatendimentoApplicationTests does not declare any static, non-private, non-final, nested classes annotated with @Configuration.
17:05:47.962 [main] INFO org.springframework.boot.test.context.SpringBootTestContextBootstrapper -- Found @SpringBootConfiguration com.mktgus.autoatendimento.AutoatendimentoApplication for test class com.mktgus.autoatendimento.AutoatendimentoApplicationTests

  .   ____          _            __ _ _
 /\\ / ___'_ __ _ _(_)_ __  __ _ \ \ \ \
( ( )\___ | '_ | '_| | '_ \/ _` | \ \ \ \
 \\/  ___)| |_)| | | | | || (_| |  ) ) ) )
  '  |____| .__|_| |_|_| |_\__, | / / / /
 =========|_|==============|___/=/_/_/_/

 :: Spring Boot ::                (v3.4.3)

2025-05-05T17:05:49.017-03:00  INFO 10180 --- [autoatendimento] [           main] c.m.a.AutoatendimentoApplicationTests    : Starting AutoatendimentoApplicationTests using Java 23 with PID 10180 (started by Samsung in C:\Users\Samsung\Downloads\autoatendimento\autoatendimento\autoatendimento)
2025-05-05T17:05:49.019-03:00  INFO 10180 --- [autoatendimento] [           main] c.m.a.AutoatendimentoApplicationTests    : No active profile set, falling back to 1 default profile: "default"
2025-05-05T17:05:50.008-03:00  INFO 10180 --- [autoatendimento] [           main] .s.d.r.c.RepositoryConfigurationDelegate : Bootstrapping Spring Data JPA repositories in DEFAULT mode.
2025-05-05T17:05:50.153-03:00  INFO 10180 --- [autoatendimento] [           main] .s.d.r.c.RepositoryConfigurationDelegate : Finished Spring Data repository scanning in 130 ms. Found 4 JPA repository interfaces.
2025-05-05T17:05:50.830-03:00  INFO 10180 --- [autoatendimento] [           main] o.hibernate.jpa.internal.util.LogHelper  : HHH000204: Processing PersistenceUnitInfo [name: default]
2025-05-05T17:05:50.922-03:00  INFO 10180 --- [autoatendimento] [           main] org.hibernate.Version                    : HHH000412: Hibernate ORM core version 6.6.8.Final
2025-05-05T17:05:50.976-03:00  INFO 10180 --- [autoatendimento] [           main] o.h.c.internal.RegionFactoryInitiator    : HHH000026: Second-level cache disabled
2025-05-05T17:05:51.352-03:00  INFO 10180 --- [autoatendimento] [           main] o.s.o.j.p.SpringPersistenceUnitInfo      : No LoadTimeWeaver setup: ignoring JPA class transformer
2025-05-05T17:05:51.399-03:00  INFO 10180 --- [autoatendimento] [           main] com.zaxxer.hikari.HikariDataSource       : HikariPool-1 - Starting...
2025-05-05T17:05:51.599-03:00  INFO 10180 --- [autoatendimento] [           main] com.zaxxer.hikari.pool.HikariPool        : HikariPool-1 - Added connection com.mysql.cj.jdbc.ConnectionImpl@769b0752
2025-05-05T17:05:51.601-03:00  INFO 10180 --- [autoatendimento] [           main] com.zaxxer.hikari.HikariDataSource       : HikariPool-1 - Start completed.
2025-05-05T17:05:51.659-03:00  WARN 10180 --- [autoatendimento] [           main] org.hibernate.dialect.Dialect            : HHH000511: The 5.5.5 version for [org.hibernate.dialect.MySQLDialect] is no longer supported, hence certain features may not work properly. The minimum supported version is 8.0.0. Check the community dialects project for available legacy versions.
2025-05-05T17:05:51.686-03:00  INFO 10180 --- [autoatendimento] [           main] org.hibernate.orm.connections.pooling    : HHH10001005: Database info:
	Database JDBC URL [Connecting through datasource 'HikariDataSource (HikariPool-1)']
	Database driver: undefined/unknown
	Database version: 5.5.5
	Autocommit mode: undefined/unknown
	Isolation level: undefined/unknown
	Minimum pool size: undefined/unknown
	Maximum pool size: undefined/unknown
2025-05-05T17:05:52.663-03:00  INFO 10180 --- [autoatendimento] [           main] o.h.e.t.j.p.i.JtaPlatformInitiator       : HHH000489: No JTA platform available (set 'hibernate.transaction.jta.platform' to enable JTA platform integration)
Hibernate: 
    create table cliente (
        cpf bigint not null auto_increment,
        pontos integer not null,
        primary key (cpf)
    ) engine=InnoDB
Hibernate: 
    create table cupom (
        id bigint not null auto_increment,
        desconto_em_porcentual bit not null,
        descricao varchar(100),
        nome varchar(50) not null,
        valor_desconto float(53) not null,
        primary key (id)
    ) engine=InnoDB
Hibernate: 
    create table funcionario (
        matricula bigint not null auto_increment,
        data_contratacao date not null,
        data_nascimento date not null,
        genero varchar(50) not null,
        nome varchar(100) not null,
        salario float(53) not null,
        primary key (matricula)
    ) engine=InnoDB
Hibernate: 
    create table item_pedido (
        id bigint not null auto_increment,
        codigo_ean varchar(255),
        nome_produto varchar(255),
        produto_maior_de_idade bit not null,
        quantidade integer not null,
        valor_item_total float(53) not null,
        valor_produto float(53) not null,
        id_pedido bigint,
        primary key (id)
    ) engine=InnoDB
Hibernate: 
    create table pedido (
        id bigint not null auto_increment,
        data_hora datetime(6) not null,
        valor_total float(53) not null,
        id_cliente bigint,
        id_cupom bigint,
        primary key (id)
    ) engine=InnoDB
Hibernate: 
    alter table item_pedido 
       add constraint FKnjghutiejefh2auj9bnpf9sp7 
       foreign key (id_pedido) 
       references pedido (id)
Hibernate: 
    alter table pedido 
       add constraint FK9y4jnyp1hxqa386cnly0ay9uw 
       foreign key (id_cliente) 
       references cliente (cpf)
Hibernate: 
    alter table pedido 
       add constraint FKftti8ph3xy97au7mlvxt3vjk9 
       foreign key (id_cupom) 
       references cupom (id)
2025-05-05T17:05:52.912-03:00  INFO 10180 --- [autoatendimento] [           main] j.LocalContainerEntityManagerFactoryBean : Initialized JPA EntityManagerFactory for persistence unit 'default'
2025-05-05T17:05:53.737-03:00  WARN 10180 --- [autoatendimento] [           main] JpaBaseConfiguration$JpaWebConfiguration : spring.jpa.open-in-view is enabled by default. Therefore, database queries may be performed during view rendering. Explicitly configure spring.jpa.open-in-view to disable this warning
2025-05-05T17:05:53.854-03:00  INFO 10180 --- [autoatendimento] [           main] o.s.v.b.OptionalValidatorFactoryBean     : Failed to set up a Bean Validation provider: jakarta.validation.NoProviderFoundException: Unable to create a Configuration, because no Jakarta Bean Validation provider could be found. Add a provider like Hibernate Validator (RI) to your classpath.
2025-05-05T17:05:54.347-03:00  INFO 10180 --- [autoatendimento] [           main] c.m.a.AutoatendimentoApplicationTests    : Started AutoatendimentoApplicationTests in 5.822 seconds (process running for 7.811)
]]></system-out>
    <system-err><![CDATA[Erro ao conectar ao stream de vídeo: Cannot invoke "String.length()" because "spec" is null
Stream de vídeo não disponível.
Stream de vídeo não disponível.
Stream de vídeo não disponível.
Stream de vídeo não disponível.
Stream de vídeo não disponível.
Stream de vídeo não disponível.
Stream de vídeo não disponível.
Stream de vídeo não disponível.
Stream de vídeo não disponível.
Mockito is currently self-attaching to enable the inline-mock-maker. This will no longer work in future releases of the JDK. Please add Mockito as an agent to your build what is described in Mockito's documentation: https://javadoc.io/doc/org.mockito/mockito-core/latest/org/mockito/Mockito.html#0.3
Stream de vídeo não disponível.
Stream de vídeo não disponível.
Stream de vídeo não disponível.
Stream de vídeo não disponível.
Stream de vídeo não disponível.
Stream de vídeo não disponível.
Stream de vídeo não disponível.
Stream de vídeo não disponível.
Stream de vídeo não disponível.
Stream de vídeo não disponível.
Stream de vídeo não disponível.
Stream de vídeo não disponível.
Stream de vídeo não disponível.
Stream de vídeo não disponível.
Stream de vídeo não disponível.
Stream de vídeo não disponível.
Stream de vídeo não disponível.
Stream de vídeo não disponível.
Stream de vídeo não disponível.
Stream de vídeo não disponível.
Stream de vídeo não disponível.
Stream de vídeo não disponível.
Stream de vídeo não disponível.
Stream de vídeo não disponível.
Stream de vídeo não disponível.
Stream de vídeo não disponível.
Stream de vídeo não disponível.
Stream de vídeo não disponível.
Stream de vídeo não disponível.
Stream de vídeo não disponível.
Stream de vídeo não disponível.
Stream de vídeo não disponível.
Stream de vídeo não disponível.
Stream de vídeo não disponível.
Stream de vídeo não disponível.
Stream de vídeo não disponível.
Stream de vídeo não disponível.
Stream de vídeo não disponível.
Stream de vídeo não disponível.
Stream de vídeo não disponível.
Stream de vídeo não disponível.
Stream de vídeo não disponível.
Stream de vídeo não disponível.
Stream de vídeo não disponível.
Stream de vídeo não disponível.
Stream de vídeo não disponível.
Stream de vídeo não disponível.
Stream de vídeo não disponível.
Stream de vídeo não disponível.
Stream de vídeo não disponível.
Stream de vídeo não disponível.
Stream de vídeo não disponível.
Stream de vídeo não disponível.
Stream de vídeo não disponível.
Stream de vídeo não disponível.
Stream de vídeo não disponível.
Stream de vídeo não disponível.
Stream de vídeo não disponível.
Stream de vídeo não disponível.
Stream de vídeo não disponível.
Stream de vídeo não disponível.
Stream de vídeo não disponível.
Stream de vídeo não disponível.
Stream de vídeo não disponível.
Stream de vídeo não disponível.
Stream de vídeo não disponível.
Stream de vídeo não disponível.
Stream de vídeo não disponível.
Stream de vídeo não disponível.
Stream de vídeo não disponível.
Stream de vídeo não disponível.
Stream de vídeo não disponível.
WARNING: A Java agent has been loaded dynamically (C:\Users\Samsung\.m2\repository\net\bytebuddy\byte-buddy-agent\1.15.11\byte-buddy-agent-1.15.11.jar)
WARNING: If a serviceability tool is in use, please run with -XX:+EnableDynamicAgentLoading to hide this warning
WARNING: If a serviceability tool is not in use, please run with -Djdk.instrument.traceUsage for more information
WARNING: Dynamic loading of agents will be disallowed by default in a future release
Stream de vídeo não disponível.
Stream de vídeo não disponível.
Stream de vídeo não disponível.
Stream de vídeo não disponível.
Stream de vídeo não disponível.
Stream de vídeo não disponível.
Stream de vídeo não disponível.
Stream de vídeo não disponível.
Stream de vídeo não disponível.
Stream de vídeo não disponível.
Stream de vídeo não disponível.
Stream de vídeo não disponível.
Stream de vídeo não disponível.
Stream de vídeo não disponível.
Stream de vídeo não disponível.
Stream de vídeo não disponível.
Stream de vídeo não disponível.
Stream de vídeo não disponível.
Stream de vídeo não disponível.
Stream de vídeo não disponível.
Stream de vídeo não disponível.
Stream de vídeo não disponível.
Stream de vídeo não disponível.
Stream de vídeo não disponível.
Stream de vídeo não disponível.
Stream de vídeo não disponível.
Stream de vídeo não disponível.
Stream de vídeo não disponível.
Stream de vídeo não disponível.
Stream de vídeo não disponível.
Stream de vídeo não disponível.
Stream de vídeo não disponível.
Stream de vídeo não disponível.
Stream de vídeo não disponível.
Stream de vídeo não disponível.
Stream de vídeo não disponível.
Stream de vídeo não disponível.
Stream de vídeo não disponível.
Stream de vídeo não disponível.
Stream de vídeo não disponível.
Stream de vídeo não disponível.
Stream de vídeo não disponível.
Stream de vídeo não disponível.
Stream de vídeo não disponível.
Stream de vídeo não disponível.
Stream de vídeo não disponível.
Stream de vídeo não disponível.
Stream de vídeo não disponível.
Stream de vídeo não disponível.
Stream de vídeo não disponível.
Stream de vídeo não disponível.
Stream de vídeo não disponível.
Stream de vídeo não disponível.
Stream de vídeo não disponível.
Stream de vídeo não disponível.
Stream de vídeo não disponível.
Stream de vídeo não disponível.
Stream de vídeo não disponível.
Stream de vídeo não disponível.
Stream de vídeo não disponível.
Stream de vídeo não disponível.
Stream de vídeo não disponível.
Stream de vídeo não disponível.
Stream de vídeo não disponível.
Stream de vídeo não disponível.
Stream de vídeo não disponível.
Stream de vídeo não disponível.
Stream de vídeo não disponível.
Stream de vídeo não disponível.
Stream de vídeo não disponível.
Stream de vídeo não disponível.
Stream de vídeo não disponível.
Stream de vídeo não disponível.
Stream de vídeo não disponível.
Stream de vídeo não disponível.
Stream de vídeo não disponível.
Stream de vídeo não disponível.
Stream de vídeo não disponível.
Stream de vídeo não disponível.
]]></system-err>
  </testcase>
</testsuite>